0 info it worked if it ends with ok
1 verbose cli [ 'c:\\Program Files (x86)\\nodejs\\node.exe',
1 verbose cli   'c:\\Program Files (x86)\\nodejs\\node_modules\\npm\\bin\\npm-cli.js',
1 verbose cli   'install',
1 verbose cli   'nodewebkit@0.10.4' ]
2 info using npm@1.4.28
3 info using node@v0.10.35
4 error Error: Invalid version: "0.16"
4 error     at Object.module.exports.fixVersionField (c:\Program Files (x86)\nodejs\node_modules\npm\node_modules\read-package-json\node_modules\normalize-package-data\lib\fixer.js:183:13)
4 error     at c:\Program Files (x86)\nodejs\node_modules\npm\node_modules\read-package-json\node_modules\normalize-package-data\lib\normalize.js:30:38
4 error     at Array.forEach (native)
4 error     at normalize (c:\Program Files (x86)\nodejs\node_modules\npm\node_modules\read-package-json\node_modules\normalize-package-data\lib\normalize.js:29:15)
4 error     at final (c:\Program Files (x86)\nodejs\node_modules\npm\node_modules\read-package-json\read-json.js:342:33)
4 error     at then (c:\Program Files (x86)\nodejs\node_modules\npm\node_modules\read-package-json\read-json.js:126:33)
4 error     at c:\Program Files (x86)\nodejs\node_modules\npm\node_modules\read-package-json\read-json.js:331:40
4 error     at evalmachine.<anonymous>:272:14
4 error     at c:\Program Files (x86)\nodejs\node_modules\npm\node_modules\graceful-fs\graceful-fs.js:102:5
4 error     at Object.oncomplete (evalmachine.<anonymous>:108:15)
5 error If you need help, you may report this *entire* log,
5 error including the npm and node versions, at:
5 error     <http://github.com/npm/npm/issues>
6 error System Windows_NT 6.2.9200
7 error command "c:\\Program Files (x86)\\nodejs\\node.exe" "c:\\Program Files (x86)\\nodejs\\node_modules\\npm\\bin\\npm-cli.js" "install" "nodewebkit@0.10.4"
8 error cwd F:\Dev\ichigo\ichigo-player
9 error node -v v0.10.35
10 error npm -v 1.4.28
11 verbose exit [ 1, true ]
